<?xml version="1.0" encoding="UTF-8"?>
<!-- Generated by org.testng.reporters.JUnitXMLReporter -->
<testsuite ignored="2" hostname="DESKTOP-H3GIJ8P" failures="1" tests="1" name=" Regression Test" time="0.043" errors="0" timestamp="2020-05-29T16:43:24 EDT">
  <testcase classname="com.syntax.class03.DataProviderTask" name="addMultipleEmployee" time="0.0">
    <failure type="org.testng.TestNGException" message="
Method public void com.syntax.class03.DataProviderTask.addMultipleEmployee() requires a @DataProvider named :  getData">
      <![CDATA[org.testng.TestNGException: 
Method public void com.syntax.class03.DataProviderTask.addMultipleEmployee() requires a @DataProvider named :  getData
at java.base/java.util.ArrayList.forEach(ArrayList.java:1507)
... Removed 24 stack frames]]>
    </failure>
  </testcase> <!-- addMultipleEmployee -->
  <testcase classname="com.syntax.class03.GroupsDemo" name="test2" time="0.0">
    <ignored/>
  </testcase> <!-- test2 -->
  <testcase classname="com.syntax.class03.GroupsDemo" name="test1" time="0.0">
    <ignored/>
  </testcase> <!-- test1 -->
</testsuite> <!--  Regression Test -->
