<?xml version="1.0" encoding="UTF-8"?>
<testng-results ignored="0" total="1" passed="1" failed="0" skipped="0">
  <reporter-output>
  </reporter-output>
  <suite started-at="2020-05-21T09:30:30 EDT" name="Default suite" finished-at="2020-05-21T09:30:45 EDT" duration-ms="15053">
    <groups>
    </groups>
    <test started-at="2020-05-21T09:30:30 EDT" name="Default test" finished-at="2020-05-21T09:30:45 EDT" duration-ms="15053">
      <class name="com.syntax.class03.DataProviderTask">
        <test-method is-config="true" signature="openChromeBrowser()[pri:0, instance:com.syntax.class03.DataProviderTask@61dd025]" started-at="2020-05-21T09:30:30 EDT" name="openChromeBrowser" finished-at="2020-05-21T09:30:39 EDT" duration-ms="8469" status="PASS">
          <reporter-output>
          </reporter-output>
        </test-method> <!-- openChromeBrowser -->
        <test-method signature="addMultipleEmployee()[pri:0, instance:com.syntax.class03.DataProviderTask@61dd025]" started-at="2020-05-21T09:30:39 EDT" name="addMultipleEmployee" finished-at="2020-05-21T09:30:45 EDT" duration-ms="6462" status="PASS">
          <reporter-output>
          </reporter-output>
        </test-method> <!-- addMultipleEmployee -->
        <test-method is-config="true" signature="closeBrowser()[pri:0, instance:com.syntax.class03.DataProviderTask@61dd025]" started-at="2020-05-21T09:30:45 EDT" name="closeBrowser" finished-at="2020-05-21T09:30:45 EDT" duration-ms="94" status="PASS">
          <reporter-output>
          </reporter-output>
        </test-method> <!-- closeBrowser -->
      </class> <!-- com.syntax.class03.DataProviderTask -->
    </test> <!-- Default test -->
  </suite> <!-- Default suite -->
</testng-results>
